/home/jblee/openclaw-lite/dist/agent.js:512
        const geminiHistory = history.map(msg => ({ role: msg.role === , "assistant\" ? \"model\" : \"user\", parts: [{ text: msg.content }] }));: ,
                                                                       ^

SyntaxError: Unexpected token ','
    at wrapSafe (node:internal/modules/cjs/loader:1692:18)
    at Module._compile (node:internal/modules/cjs/loader:1735:20)
    at Object..js (node:internal/modules/cjs/loader:1893:10)
    at Module.load (node:internal/modules/cjs/loader:1481:32)
    at Module._load (node:internal/modules/cjs/loader:1300:12)
    at TracingChannel.traceSync (node:diagnostics_channel:328:14)
    at wrapModuleLoad (node:internal/modules/cjs/loader:245:24)
    at Module.require (node:internal/modules/cjs/loader:1504:12)
    at require (node:internal/modules/helpers:152:16)
    at Object.<anonymous> (/home/jblee/openclaw-lite/dist/bot.js:41:17)

Node.js v24.13.0
/home/jblee/openclaw-lite/dist/agent.js:512
        const geminiHistory = history.map(msg => ({ role: msg.role === , "assistant\" ? \"model\" : \"user\", parts: [{ text: msg.content }] }));: ,
                                                                       ^

SyntaxError: Unexpected token ','
    at wrapSafe (node:internal/modules/cjs/loader:1692:18)
    at Module._compile (node:internal/modules/cjs/loader:1735:20)
    at Object..js (node:internal/modules/cjs/loader:1893:10)
    at Module.load (node:internal/modules/cjs/loader:1481:32)
    at Module._load (node:internal/modules/cjs/loader:1300:12)
    at TracingChannel.traceSync (node:diagnostics_channel:328:14)
    at wrapModuleLoad (node:internal/modules/cjs/loader:245:24)
    at Module.require (node:internal/modules/cjs/loader:1504:12)
    at require (node:internal/modules/helpers:152:16)
    at Object.<anonymous> (/home/jblee/openclaw-lite/dist/bot.js:41:17)

Node.js v24.13.0
/home/jblee/openclaw-lite/dist/agent.js:512
        const geminiHistory = history.map(msg => ({ role: msg.role === , "assistant\" ? \"model\" : \"user\", parts: [{ text: msg.content }] }));: ,
                                                                       ^

SyntaxError: Unexpected token ','
    at wrapSafe (node:internal/modules/cjs/loader:1692:18)
    at Module._compile (node:internal/modules/cjs/loader:1735:20)
    at Object..js (node:internal/modules/cjs/loader:1893:10)
    at Module.load (node:internal/modules/cjs/loader:1481:32)
    at Module._load (node:internal/modules/cjs/loader:1300:12)
    at TracingChannel.traceSync (node:diagnostics_channel:328:14)
    at wrapModuleLoad (node:internal/modules/cjs/loader:245:24)
    at Module.require (node:internal/modules/cjs/loader:1504:12)
    at require (node:internal/modules/helpers:152:16)
    at Object.<anonymous> (/home/jblee/openclaw-lite/dist/bot.js:41:17)

Node.js v24.13.0
/home/jblee/openclaw-lite/dist/agent.js:512
        const geminiHistory = history.map(msg => ({ role: msg.role === , "assistant\" ? \"model\" : \"user\", parts: [{ text: msg.content }] }));: ,
                                                                       ^

SyntaxError: Unexpected token ','
    at wrapSafe (node:internal/modules/cjs/loader:1692:18)
    at Module._compile (node:internal/modules/cjs/loader:1735:20)
    at Object..js (node:internal/modules/cjs/loader:1893:10)
    at Module.load (node:internal/modules/cjs/loader:1481:32)
    at Module._load (node:internal/modules/cjs/loader:1300:12)
    at TracingChannel.traceSync (node:diagnostics_channel:328:14)
    at wrapModuleLoad (node:internal/modules/cjs/loader:245:24)
    at Module.require (node:internal/modules/cjs/loader:1504:12)
    at require (node:internal/modules/helpers:152:16)
    at Object.<anonymous> (/home/jblee/openclaw-lite/dist/bot.js:41:17)

Node.js v24.13.0
/home/jblee/openclaw-lite/dist/agent.js:512
        const geminiHistory = history.map(msg => ({ role: msg.role === , "assistant\" ? \"model\" : \"user\", parts: [{ text: msg.content }] }));: ,
                                                                       ^

SyntaxError: Unexpected token ','
    at wrapSafe (node:internal/modules/cjs/loader:1692:18)
    at Module._compile (node:internal/modules/cjs/loader:1735:20)
    at Object..js (node:internal/modules/cjs/loader:1893:10)
    at Module.load (node:internal/modules/cjs/loader:1481:32)
    at Module._load (node:internal/modules/cjs/loader:1300:12)
    at TracingChannel.traceSync (node:diagnostics_channel:328:14)
    at wrapModuleLoad (node:internal/modules/cjs/loader:245:24)
    at Module.require (node:internal/modules/cjs/loader:1504:12)
    at require (node:internal/modules/helpers:152:16)
    at Object.<anonymous> (/home/jblee/openclaw-lite/dist/bot.js:41:17)

Node.js v24.13.0
/home/jblee/openclaw-lite/dist/agent.js:512
        const geminiHistory = history.map(msg => ({ role: msg.role === , "assistant\" ? \"model\" : \"user\", parts: [{ text: msg.content }] }));: ,
                                                                       ^

SyntaxError: Unexpected token ','
    at wrapSafe (node:internal/modules/cjs/loader:1692:18)
    at Module._compile (node:internal/modules/cjs/loader:1735:20)
    at Object..js (node:internal/modules/cjs/loader:1893:10)
    at Module.load (node:internal/modules/cjs/loader:1481:32)
    at Module._load (node:internal/modules/cjs/loader:1300:12)
    at TracingChannel.traceSync (node:diagnostics_channel:328:14)
    at wrapModuleLoad (node:internal/modules/cjs/loader:245:24)
    at Module.require (node:internal/modules/cjs/loader:1504:12)
    at require (node:internal/modules/helpers:152:16)
    at Object.<anonymous> (/home/jblee/openclaw-lite/dist/bot.js:41:17)

Node.js v24.13.0
/home/jblee/openclaw-lite/dist/agent.js:512
        const geminiHistory = history.map(msg => ({ role: msg.role === , "assistant\" ? \"model\" : \"user\", parts: [{ text: msg.content }] }));: ,
                                                                       ^

SyntaxError: Unexpected token ','
    at wrapSafe (node:internal/modules/cjs/loader:1692:18)
    at Module._compile (node:internal/modules/cjs/loader:1735:20)
    at Object..js (node:internal/modules/cjs/loader:1893:10)
    at Module.load (node:internal/modules/cjs/loader:1481:32)
    at Module._load (node:internal/modules/cjs/loader:1300:12)
    at TracingChannel.traceSync (node:diagnostics_channel:328:14)
    at wrapModuleLoad (node:internal/modules/cjs/loader:245:24)
    at Module.require (node:internal/modules/cjs/loader:1504:12)
    at require (node:internal/modules/helpers:152:16)
    at Object.<anonymous> (/home/jblee/openclaw-lite/dist/bot.js:41:17)

Node.js v24.13.0
/home/jblee/openclaw-lite/dist/agent.js:512
        const geminiHistory = history.map(msg => ({ role: msg.role === , "assistant\" ? \"model\" : \"user\", parts: [{ text: msg.content }] }));: ,
                                                                       ^

SyntaxError: Unexpected token ','
    at wrapSafe (node:internal/modules/cjs/loader:1692:18)
    at Module._compile (node:internal/modules/cjs/loader:1735:20)
    at Object..js (node:internal/modules/cjs/loader:1893:10)
    at Module.load (node:internal/modules/cjs/loader:1481:32)
    at Module._load (node:internal/modules/cjs/loader:1300:12)
    at TracingChannel.traceSync (node:diagnostics_channel:328:14)
    at wrapModuleLoad (node:internal/modules/cjs/loader:245:24)
    at Module.require (node:internal/modules/cjs/loader:1504:12)
    at require (node:internal/modules/helpers:152:16)
    at Object.<anonymous> (/home/jblee/openclaw-lite/dist/bot.js:41:17)

Node.js v24.13.0
/home/jblee/openclaw-lite/dist/agent.js:25
chat(message, string, history, ChatMessage[] = [], onChunk ?  : (text) => void );
                                           ^

SyntaxError: Unexpected token ']'
    at wrapSafe (node:internal/modules/cjs/loader:1692:18)
    at Module._compile (node:internal/modules/cjs/loader:1735:20)
    at Object..js (node:internal/modules/cjs/loader:1893:10)
    at Module.load (node:internal/modules/cjs/loader:1481:32)
    at Module._load (node:internal/modules/cjs/loader:1300:12)
    at TracingChannel.traceSync (node:diagnostics_channel:328:14)
    at wrapModuleLoad (node:internal/modules/cjs/loader:245:24)
    at Module.require (node:internal/modules/cjs/loader:1504:12)
    at require (node:internal/modules/helpers:152:16)
    at Object.<anonymous> (/home/jblee/openclaw-lite/dist/bot.js:41:17)

Node.js v24.13.0
/home/jblee/openclaw-lite/dist/agent.js:25
chat(message, string, history, ChatMessage[] = [], onChunk ?  : (text) => void );
                                           ^

SyntaxError: Unexpected token ']'
    at wrapSafe (node:internal/modules/cjs/loader:1692:18)
    at Module._compile (node:internal/modules/cjs/loader:1735:20)
    at Object..js (node:internal/modules/cjs/loader:1893:10)
    at Module.load (node:internal/modules/cjs/loader:1481:32)
    at Module._load (node:internal/modules/cjs/loader:1300:12)
    at TracingChannel.traceSync (node:diagnostics_channel:328:14)
    at wrapModuleLoad (node:internal/modules/cjs/loader:245:24)
    at Module.require (node:internal/modules/cjs/loader:1504:12)
    at require (node:internal/modules/helpers:152:16)
    at Object.<anonymous> (/home/jblee/openclaw-lite/dist/bot.js:41:17)

Node.js v24.13.0
/home/jblee/openclaw-lite/dist/agent.js:25
chat(message, string, history, ChatMessage[] = [], onChunk ?  : (text) => void );
                                           ^

SyntaxError: Unexpected token ']'
    at wrapSafe (node:internal/modules/cjs/loader:1692:18)
    at Module._compile (node:internal/modules/cjs/loader:1735:20)
    at Object..js (node:internal/modules/cjs/loader:1893:10)
    at Module.load (node:internal/modules/cjs/loader:1481:32)
    at Module._load (node:internal/modules/cjs/loader:1300:12)
    at TracingChannel.traceSync (node:diagnostics_channel:328:14)
    at wrapModuleLoad (node:internal/modules/cjs/loader:245:24)
    at Module.require (node:internal/modules/cjs/loader:1504:12)
    at require (node:internal/modules/helpers:152:16)
    at Object.<anonymous> (/home/jblee/openclaw-lite/dist/bot.js:41:17)

Node.js v24.13.0
/home/jblee/openclaw-lite/dist/agent.js:25
chat(message, string, history, ChatMessage[] = [], onChunk ?  : (text) => void );
                                           ^

SyntaxError: Unexpected token ']'
    at wrapSafe (node:internal/modules/cjs/loader:1692:18)
    at Module._compile (node:internal/modules/cjs/loader:1735:20)
    at Object..js (node:internal/modules/cjs/loader:1893:10)
    at Module.load (node:internal/modules/cjs/loader:1481:32)
    at Module._load (node:internal/modules/cjs/loader:1300:12)
    at TracingChannel.traceSync (node:diagnostics_channel:328:14)
    at wrapModuleLoad (node:internal/modules/cjs/loader:245:24)
    at Module.require (node:internal/modules/cjs/loader:1504:12)
    at require (node:internal/modules/helpers:152:16)
    at Object.<anonymous> (/home/jblee/openclaw-lite/dist/bot.js:41:17)

Node.js v24.13.0
/home/jblee/openclaw-lite/dist/agent.js:25
chat(message, string, history, ChatMessage[] = [], onChunk ?  : (text) => void );
                                           ^

SyntaxError: Unexpected token ']'
    at wrapSafe (node:internal/modules/cjs/loader:1692:18)
    at Module._compile (node:internal/modules/cjs/loader:1735:20)
    at Object..js (node:internal/modules/cjs/loader:1893:10)
    at Module.load (node:internal/modules/cjs/loader:1481:32)
    at Module._load (node:internal/modules/cjs/loader:1300:12)
    at TracingChannel.traceSync (node:diagnostics_channel:328:14)
    at wrapModuleLoad (node:internal/modules/cjs/loader:245:24)
    at Module.require (node:internal/modules/cjs/loader:1504:12)
    at require (node:internal/modules/helpers:152:16)
    at Object.<anonymous> (/home/jblee/openclaw-lite/dist/bot.js:41:17)

Node.js v24.13.0
